\BOOKMARK [0][-]{chapter*.4}{\376\377\000\332\000v\000o\000d}{}% 1
\BOOKMARK [0][-]{chapter.1}{\376\377\000B\000a\000c\000k\000e\000n\000d}{}% 2
\BOOKMARK [1][-]{section.1.1}{\376\377\000N\000e\000x\000t\000.\000j\000s\000\040\0001\0003}{chapter.1}% 3
\BOOKMARK [2][-]{subsection.1.1.1}{\376\377\000O\000p\000t\000i\000m\000a\000l\000i\000z\000a\000c\000e\000\040\000o\000b\000r\000\341\000z\000k\001\157}{section.1.1}% 4
\BOOKMARK [2][-]{subsection.1.1.2}{\376\377\000O\000p\000t\000i\000m\000a\000l\000i\000z\000a\000c\000e\000\040\000f\000o\000n\000t\001\157}{section.1.1}% 5
\BOOKMARK [2][-]{subsection.1.1.3}{\376\377\000F\000u\000n\000k\000c\000e\000\040\000g\000e\000n\000e\000r\000a\000t\000e\000S\000t\000a\000t\000i\000c\000P\000a\000r\000a\000m\000s}{section.1.1}% 6
\BOOKMARK [2][-]{subsection.1.1.4}{\376\377\000<\000L\000i\000n\000k\000>\000\040\000k\000o\000m\000p\000o\000n\000e\000n\000t}{section.1.1}% 7
\BOOKMARK [2][-]{subsection.1.1.5}{\376\377\000R\000e\000a\000c\000t\000\040\000s\000e\000r\000v\000e\000r\000\040\000k\000o\000m\000p\000o\000n\000e\000n\000t\000y}{section.1.1}% 8
\BOOKMARK [1][-]{section.1.2}{\376\377\000K\000o\000m\000u\000n\000i\000k\000a\000c\000e\000\040\000p\000o\000m\000o\000c\000\355\000\040\000G\000r\000a\000p\000h\000Q\000L}{chapter.1}% 9
\BOOKMARK [1][-]{section.1.3}{\376\377\000D\000a\000t\000a\000b\000\341\000z\000o\000v\000\375\000\040\000m\000o\000d\000e\000l}{chapter.1}% 10
\BOOKMARK [1][-]{section.1.4}{\376\377\000V\000e\000r\000c\000e\000l}{chapter.1}% 11
\BOOKMARK [1][-]{section.1.5}{\376\377\000A\000u\000t\000o\000r\000i\000z\000a\000c\000e}{chapter.1}% 12
\BOOKMARK [2][-]{subsection.1.5.1}{\376\377\000C\000l\000e\000r\000k}{section.1.5}% 13
\BOOKMARK [2][-]{subsection.1.5.2}{\376\377\000Z\000\341\000k\000l\000a\000d\000n\000\355\000\040\000o\000p\000e\000r\000a\000c\000e\000\040\000s\000\040\000u\001\176\000i\000v\000a\000t\000e\000l\000s\000k\000\375\000m\000\040\000\372\001\015\000t\000e\000m}{section.1.5}% 14
\BOOKMARK [0][-]{chapter.2}{\376\377\000F\000r\000o\000n\000t\000e\000n\000d}{}% 15
\BOOKMARK [1][-]{section.2.1}{\376\377\000R\000e\000a\000c\000t}{chapter.2}% 16
\BOOKMARK [2][-]{subsection.2.1.1}{\376\377\000R\000e\000a\000c\000t\000\040\000J\000S\000X}{section.2.1}% 17
\BOOKMARK [2][-]{subsection.2.1.2}{\376\377\000R\000e\000a\000c\000t\000\040\000k\000o\000m\000p\000o\000n\000e\000n\000t}{section.2.1}% 18
\BOOKMARK [2][-]{subsection.2.1.3}{\376\377\000R\000e\000a\000c\000t\000\040\000s\000t\000a\000v}{section.2.1}% 19
\BOOKMARK [1][-]{section.2.2}{\376\377\000T\000a\000i\000l\000w\000i\000n\000d\000\040\000C\000S\000S}{chapter.2}% 20
\BOOKMARK [1][-]{section.2.3}{\376\377\000A\000p\000o\000l\000l\000o\000\040\000C\000l\000i\000e\000n\000t}{chapter.2}% 21
\BOOKMARK [2][-]{subsection.2.3.1}{\376\377\000P\000r\000o\000p\000o\000j\000e\000n\000\355\000\040\000f\000r\000o\000n\000t\000e\000n\000d\000u\000\040\000s\000\040\000b\000a\000c\000k\000e\000n\000d\000e\000m}{section.2.3}% 22
\BOOKMARK [0][-]{chapter.3}{\376\377\000H\000e\000a\000d\000l\000e\000s\000s\000\040\000C\000M\000S}{}% 23
\BOOKMARK [1][-]{section.3.1}{\376\377\000S\000t\000r\000a\000p\000i}{chapter.3}% 24
\BOOKMARK [1][-]{section.3.2}{\376\377\000S\000t\000r\000a\000p\000i\000\040\000G\000r\000a\000p\000h\000Q\000L}{chapter.3}% 25
\BOOKMARK [1][-]{section.3.3}{\376\377\000S\000t\000r\000a\000p\000i\000\040\000C\000l\000o\000u\000d}{chapter.3}% 26
\BOOKMARK [0][-]{chapter.4}{\376\377\000F\000u\000n\000k\000c\000e\000\040\000a\000p\000l\000i\000k\000a\000c\000e}{}% 27
\BOOKMARK [1][-]{section.4.1}{\376\377\000N\000a\000h\000r\000\341\000v\000\341\000n\000\355\000\040\000s\000o\000u\000b\000o\000r\000u}{chapter.4}% 28
\BOOKMARK [1][-]{section.4.2}{\376\377\000M\000a\000z\000\341\000n\000\355\000\040\000s\000o\000u\000b\000o\000r\000u}{chapter.4}% 29
